2019-11-14 09:19:14.634  INFO 10984 --- [restartedMain] com.xq.CrowdFundingApplication           : Starting CrowdFundingApplication on DESKTOP-AI117TM with PID 10984 (started by Dell in E:\IDEA WorkSpace\crowd_funding)
2019-11-14 09:19:14.648  INFO 10984 --- [restartedMain] com.xq.CrowdFundingApplication           : No active profile set, falling back to default profiles: default
2019-11-14 09:19:14.774  INFO 10984 --- [restartedMain] .e.DevToolsPropertyDefaultsPostProcessor : Devtools property defaults active! Set 'spring.devtools.add-properties' to 'false' to disable
2019-11-14 09:19:14.775  INFO 10984 --- [restartedMain] .e.DevToolsPropertyDefaultsPostProcessor : For additional web related logging consider setting the 'logging.level.web' property to 'DEBUG'
2019-11-14 09:19:17.269 DEBUG 10984 --- [restartedMain] o.m.s.b.a.MybatisAutoConfiguration       : Searching for mappers annotated with @Mapper
2019-11-14 09:19:17.270 DEBUG 10984 --- [restartedMain] o.m.s.b.a.MybatisAutoConfiguration       : Using auto-configuration base package 'com.xq'
2019-11-14 09:19:17.393  INFO 10984 --- [restartedMain] .s.d.r.c.RepositoryConfigurationDelegate : Multiple Spring Data modules found, entering strict repository configuration mode!
2019-11-14 09:19:17.398  INFO 10984 --- [restartedMain] .s.d.r.c.RepositoryConfigurationDelegate : Bootstrapping Spring Data repositories in DEFAULT mode.
2019-11-14 09:19:17.492  INFO 10984 --- [restartedMain] .s.d.r.c.RepositoryConfigurationDelegate : Finished Spring Data repository scanning in 58ms. Found 0 repository interfaces.
2019-11-14 09:19:17.797 DEBUG 10984 --- [restartedMain] o.m.s.mapper.ClassPathMapperScanner      : Identified candidate component class: file [E:\IDEA WorkSpace\crowd_funding\target\classes\com\xq\crowd_funding\login\bean\dao\TMemberDaoo.class]
2019-11-14 09:19:17.798 DEBUG 10984 --- [restartedMain] o.m.s.mapper.ClassPathMapperScanner      : Identified candidate component class: file [E:\IDEA WorkSpace\crowd_funding\target\classes\com\xq\crowd_funding\manager\dao\TPermissionDao.class]
2019-11-14 09:19:17.799 DEBUG 10984 --- [restartedMain] o.m.s.mapper.ClassPathMapperScanner      : Identified candidate component class: file [E:\IDEA WorkSpace\crowd_funding\target\classes\com\xq\crowd_funding\manager\dao\TRoleDao.class]
2019-11-14 09:19:17.799 DEBUG 10984 --- [restartedMain] o.m.s.mapper.ClassPathMapperScanner      : Identified candidate component class: file [E:\IDEA WorkSpace\crowd_funding\target\classes\com\xq\crowd_funding\manager\dao\TUserDao.class]
2019-11-14 09:19:17.799 DEBUG 10984 --- [restartedMain] o.m.s.mapper.ClassPathMapperScanner      : Identified candidate component class: file [E:\IDEA WorkSpace\crowd_funding\target\classes\com\xq\crowd_funding\manager\dao\TUserRoleDao.class]
2019-11-14 09:19:17.801 DEBUG 10984 --- [restartedMain] o.m.s.mapper.ClassPathMapperScanner      : Identified candidate component class: file [E:\IDEA WorkSpace\crowd_funding\target\classes\com\xq\crowd_funding\partfinancing\dao\TMemberDao.class]
2019-11-14 09:19:17.801 DEBUG 10984 --- [restartedMain] o.m.s.mapper.ClassPathMapperScanner      : Identified candidate component class: file [E:\IDEA WorkSpace\crowd_funding\target\classes\com\xq\crowd_funding\partfinancing\dao\TOrderDao.class]
2019-11-14 09:19:17.801 DEBUG 10984 --- [restartedMain] o.m.s.mapper.ClassPathMapperScanner      : Identified candidate component class: file [E:\IDEA WorkSpace\crowd_funding\target\classes\com\xq\crowd_funding\partfinancing\dao\TProjectDao.class]
2019-11-14 09:19:17.802 DEBUG 10984 --- [restartedMain] o.m.s.mapper.ClassPathMapperScanner      : Identified candidate component class: file [E:\IDEA WorkSpace\crowd_funding\target\classes\com\xq\crowd_funding\partfinancing\dao\TmpfDao.class]
2019-11-14 09:19:17.803 DEBUG 10984 --- [restartedMain] o.m.s.mapper.ClassPathMapperScanner      : Identified candidate component class: file [E:\IDEA WorkSpace\crowd_funding\target\classes\com\xq\crowd_funding\raisefunding\dao\RaiseDao.class]
2019-11-14 09:19:17.805 DEBUG 10984 --- [restartedMain] o.m.s.mapper.ClassPathMapperScanner      : Identified candidate component class: file [E:\IDEA WorkSpace\crowd_funding\target\classes\com\xq\crowd_funding\realname\dao\RealNameTMemberDao.class]
2019-11-14 09:19:17.807 DEBUG 10984 --- [restartedMain] o.m.s.mapper.ClassPathMapperScanner      : Creating MapperFactoryBean with name 'TMemberDaoo' and 'com.xq.crowd_funding.login.bean.dao.TMemberDaoo' mapperInterface
2019-11-14 09:19:17.808 DEBUG 10984 --- [restartedMain] o.m.s.mapper.ClassPathMapperScanner      : Enabling autowire by type for MapperFactoryBean with name 'TMemberDaoo'.
2019-11-14 09:19:17.809 DEBUG 10984 --- [restartedMain] o.m.s.mapper.ClassPathMapperScanner      : Creating MapperFactoryBean with name 'TPermissionDao' and 'com.xq.crowd_funding.manager.dao.TPermissionDao' mapperInterface
2019-11-14 09:19:17.810 DEBUG 10984 --- [restartedMain] o.m.s.mapper.ClassPathMapperScanner      : Enabling autowire by type for MapperFactoryBean with name 'TPermissionDao'.
2019-11-14 09:19:17.810 DEBUG 10984 --- [restartedMain] o.m.s.mapper.ClassPathMapperScanner      : Creating MapperFactoryBean with name 'TRoleDao' and 'com.xq.crowd_funding.manager.dao.TRoleDao' mapperInterface
2019-11-14 09:19:17.810 DEBUG 10984 --- [restartedMain] o.m.s.mapper.ClassPathMapperScanner      : Enabling autowire by type for MapperFactoryBean with name 'TRoleDao'.
2019-11-14 09:19:17.811 DEBUG 10984 --- [restartedMain] o.m.s.mapper.ClassPathMapperScanner      : Creating MapperFactoryBean with name 'TUserDao' and 'com.xq.crowd_funding.manager.dao.TUserDao' mapperInterface
2019-11-14 09:19:17.811 DEBUG 10984 --- [restartedMain] o.m.s.mapper.ClassPathMapperScanner      : Enabling autowire by type for MapperFactoryBean with name 'TUserDao'.
2019-11-14 09:19:17.811 DEBUG 10984 --- [restartedMain] o.m.s.mapper.ClassPathMapperScanner      : Creating MapperFactoryBean with name 'TUserRoleDao' and 'com.xq.crowd_funding.manager.dao.TUserRoleDao' mapperInterface
2019-11-14 09:19:17.811 DEBUG 10984 --- [restartedMain] o.m.s.mapper.ClassPathMapperScanner      : Enabling autowire by type for MapperFactoryBean with name 'TUserRoleDao'.
2019-11-14 09:19:17.812 DEBUG 10984 --- [restartedMain] o.m.s.mapper.ClassPathMapperScanner      : Creating MapperFactoryBean with name 'TMemberDao' and 'com.xq.crowd_funding.partfinancing.dao.TMemberDao' mapperInterface
2019-11-14 09:19:17.812 DEBUG 10984 --- [restartedMain] o.m.s.mapper.ClassPathMapperScanner      : Enabling autowire by type for MapperFactoryBean with name 'TMemberDao'.
2019-11-14 09:19:17.812 DEBUG 10984 --- [restartedMain] o.m.s.mapper.ClassPathMapperScanner      : Creating MapperFactoryBean with name 'TOrderDao' and 'com.xq.crowd_funding.partfinancing.dao.TOrderDao' mapperInterface
2019-11-14 09:19:17.813 DEBUG 10984 --- [restartedMain] o.m.s.mapper.ClassPathMapperScanner      : Enabling autowire by type for MapperFactoryBean with name 'TOrderDao'.
2019-11-14 09:19:17.813 DEBUG 10984 --- [restartedMain] o.m.s.mapper.ClassPathMapperScanner      : Creating MapperFactoryBean with name 'TProjectDao' and 'com.xq.crowd_funding.partfinancing.dao.TProjectDao' mapperInterface
2019-11-14 09:19:17.813 DEBUG 10984 --- [restartedMain] o.m.s.mapper.ClassPathMapperScanner      : Enabling autowire by type for MapperFactoryBean with name 'TProjectDao'.
2019-11-14 09:19:17.813 DEBUG 10984 --- [restartedMain] o.m.s.mapper.ClassPathMapperScanner      : Creating MapperFactoryBean with name 'tmpfDao' and 'com.xq.crowd_funding.partfinancing.dao.TmpfDao' mapperInterface
2019-11-14 09:19:17.814 DEBUG 10984 --- [restartedMain] o.m.s.mapper.ClassPathMapperScanner      : Enabling autowire by type for MapperFactoryBean with name 'tmpfDao'.
2019-11-14 09:19:17.814 DEBUG 10984 --- [restartedMain] o.m.s.mapper.ClassPathMapperScanner      : Creating MapperFactoryBean with name 'raiseDao' and 'com.xq.crowd_funding.raisefunding.dao.RaiseDao' mapperInterface
2019-11-14 09:19:17.815 DEBUG 10984 --- [restartedMain] o.m.s.mapper.ClassPathMapperScanner      : Enabling autowire by type for MapperFactoryBean with name 'raiseDao'.
2019-11-14 09:19:17.815 DEBUG 10984 --- [restartedMain] o.m.s.mapper.ClassPathMapperScanner      : Creating MapperFactoryBean with name 'realNameTMemberDao' and 'com.xq.crowd_funding.realname.dao.RealNameTMemberDao' mapperInterface
2019-11-14 09:19:17.815 DEBUG 10984 --- [restartedMain] o.m.s.mapper.ClassPathMapperScanner      : Enabling autowire by type for MapperFactoryBean with name 'realNameTMemberDao'.
2019-11-14 09:19:18.257  INFO 10984 --- [restartedMain] trationDelegate$BeanPostProcessorChecker : Bean 'shiroConfig' of type [com.xq.crowd_funding.login.shiro.ShiroConfig$$EnhancerBySpringCGLIB$$dccf856a] is not eligible for getting processed by all BeanPostProcessors (for example: not eligible for auto-proxying)
2019-11-14 09:19:19.020  INFO 10984 --- [restartedMain] trationDelegate$BeanPostProcessorChecker : Bean 'mybatis-org.mybatis.spring.boot.autoconfigure.MybatisProperties' of type [org.mybatis.spring.boot.autoconfigure.MybatisProperties] is not eligible for getting processed by all BeanPostProcessors (for example: not eligible for auto-proxying)
2019-11-14 09:19:19.039  INFO 10984 --- [restartedMain] trationDelegate$BeanPostProcessorChecker : Bean 'org.mybatis.spring.boot.autoconfigure.MybatisAutoConfiguration' of type [org.mybatis.spring.boot.autoconfigure.MybatisAutoConfiguration$$EnhancerBySpringCGLIB$$a554af] is not eligible for getting processed by all BeanPostProcessors (for example: not eligible for auto-proxying)
2019-11-14 09:19:19.045  INFO 10984 --- [restartedMain] trationDelegate$BeanPostProcessorChecker : Bean 'com.alibaba.druid.spring.boot.autoconfigure.DruidDataSourceAutoConfigure' of type [com.alibaba.druid.spring.boot.autoconfigure.DruidDataSourceAutoConfigure$$EnhancerBySpringCGLIB$$e77cf8f1] is not eligible for getting processed by all BeanPostProcessors (for example: not eligible for auto-proxying)
2019-11-14 09:19:19.049  INFO 10984 --- [restartedMain] c.a.d.s.b.a.DruidDataSourceAutoConfigure : Init DruidDataSource
2019-11-14 09:19:19.186  INFO 10984 --- [restartedMain] trationDelegate$BeanPostProcessorChecker : Bean 'spring.datasource-org.springframework.boot.autoconfigure.jdbc.DataSourceProperties' of type [org.springframework.boot.autoconfigure.jdbc.DataSourceProperties] is not eligible for getting processed by all BeanPostProcessors (for example: not eligible for auto-proxying)
2019-11-14 09:19:19.196  INFO 10984 --- [restartedMain] trationDelegate$BeanPostProcessorChecker : Bean 'com.alibaba.druid.spring.boot.autoconfigure.stat.DruidFilterConfiguration' of type [com.alibaba.druid.spring.boot.autoconfigure.stat.DruidFilterConfiguration] is not eligible for getting processed by all BeanPostProcessors (for example: not eligible for auto-proxying)
2019-11-14 09:19:19.261  INFO 10984 --- [restartedMain] trationDelegate$BeanPostProcessorChecker : Bean 'statFilter' of type [com.alibaba.druid.filter.stat.StatFilter] is not eligible for getting processed by all BeanPostProcessors (for example: not eligible for auto-proxying)
2019-11-14 09:19:19.458  INFO 10984 --- [restartedMain] com.alibaba.druid.pool.DruidDataSource   : {dataSource-1} inited
2019-11-14 09:19:19.459  INFO 10984 --- [restartedMain] trationDelegate$BeanPostProcessorChecker : Bean 'dataSource' of type [com.alibaba.druid.spring.boot.autoconfigure.DruidDataSourceWrapper] is not eligible for getting processed by all BeanPostProcessors (for example: not eligible for auto-proxying)
2019-11-14 09:19:19.701 DEBUG 10984 --- [restartedMain] o.mybatis.spring.SqlSessionFactoryBean   : Parsed mapper file: 'file [E:\IDEA WorkSpace\crowd_funding\target\classes\sqlMapper\classificationMapper\ClassificationMapper.xml]'
2019-11-14 09:19:19.823 DEBUG 10984 --- [restartedMain] o.mybatis.spring.SqlSessionFactoryBean   : Parsed mapper file: 'file [E:\IDEA WorkSpace\crowd_funding\target\classes\sqlMapper\manager\TPermissionmapper.xml]'
2019-11-14 09:19:19.883 DEBUG 10984 --- [restartedMain] o.mybatis.spring.SqlSessionFactoryBean   : Parsed mapper file: 'file [E:\IDEA WorkSpace\crowd_funding\target\classes\sqlMapper\manager\TRolemapper.xml]'
2019-11-14 09:19:19.910 DEBUG 10984 --- [restartedMain] o.mybatis.spring.SqlSessionFactoryBean   : Parsed mapper file: 'file [E:\IDEA WorkSpace\crowd_funding\target\classes\sqlMapper\manager\TUserRolemapper.xml]'
2019-11-14 09:19:19.955 DEBUG 10984 --- [restartedMain] o.mybatis.spring.SqlSessionFactoryBean   : Parsed mapper file: 'file [E:\IDEA WorkSpace\crowd_funding\target\classes\sqlMapper\manager\Usermapper.xml]'
2019-11-14 09:19:19.967 DEBUG 10984 --- [restartedMain] o.mybatis.spring.SqlSessionFactoryBean   : Parsed mapper file: 'file [E:\IDEA WorkSpace\crowd_funding\target\classes\sqlMapper\myfundingMapper\MyFundingMapper.xml]'
2019-11-14 09:19:19.980 DEBUG 10984 --- [restartedMain] o.mybatis.spring.SqlSessionFactoryBean   : Parsed mapper file: 'file [E:\IDEA WorkSpace\crowd_funding\target\classes\sqlMapper\partfinancingMapper\PartFinancingMapper.xml]'
2019-11-14 09:19:20.015 DEBUG 10984 --- [restartedMain] o.mybatis.spring.SqlSessionFactoryBean   : Parsed mapper file: 'file [E:\IDEA WorkSpace\crowd_funding\target\classes\sqlMapper\raisefundingMapper\RaiseFundingMapper.xml]'
2019-11-14 09:19:20.041 DEBUG 10984 --- [restartedMain] o.mybatis.spring.SqlSessionFactoryBean   : Parsed mapper file: 'file [E:\IDEA WorkSpace\crowd_funding\target\classes\sqlMapper\realnameMapper\RealNameMapper.xml]'
2019-11-14 09:19:20.072 DEBUG 10984 --- [restartedMain] o.mybatis.spring.SqlSessionFactoryBean   : Parsed mapper file: 'file [E:\IDEA WorkSpace\crowd_funding\target\classes\sqlMapper\userloginMapper\TMemberDaoo.xml]'
2019-11-14 09:19:20.084 DEBUG 10984 --- [restartedMain] o.mybatis.spring.SqlSessionFactoryBean   : Parsed mapper file: 'file [E:\IDEA WorkSpace\crowd_funding\target\classes\sqlMapper\userloginMapper\UserLoginMapper.xml]'
2019-11-14 09:19:20.086  INFO 10984 --- [restartedMain] trationDelegate$BeanPostProcessorChecker : Bean 'sqlSessionFactory' of type [org.apache.ibatis.session.defaults.DefaultSqlSessionFactory] is not eligible for getting processed by all BeanPostProcessors (for example: not eligible for auto-proxying)
2019-11-14 09:19:20.097  INFO 10984 --- [restartedMain] trationDelegate$BeanPostProcessorChecker : Bean 'sqlSessionTemplate' of type [org.mybatis.spring.SqlSessionTemplate] is not eligible for getting processed by all BeanPostProcessors (for example: not eligible for auto-proxying)
2019-11-14 09:19:20.101  INFO 10984 --- [restartedMain] trationDelegate$BeanPostProcessorChecker : Bean 'TMemberDaoo' of type [org.mybatis.spring.mapper.MapperFactoryBean] is not eligible for getting processed by all BeanPostProcessors (for example: not eligible for auto-proxying)
2019-11-14 09:19:20.104  INFO 10984 --- [restartedMain] trationDelegate$BeanPostProcessorChecker : Bean 'TMemberDaoo' of type [com.sun.proxy.$Proxy61] is not eligible for getting processed by all BeanPostProcessors (for example: not eligible for auto-proxying)
2019-11-14 09:19:20.106  INFO 10984 --- [restartedMain] trationDelegate$BeanPostProcessorChecker : Bean 'TMemberService' of type [com.xq.crowd_funding.login.bean.service.impl.TMemberService] is not eligible for getting processed by all BeanPostProcessors (for example: not eligible for auto-proxying)
2019-11-14 09:19:20.106  INFO 10984 --- [restartedMain] trationDelegate$BeanPostProcessorChecker : Bean 'userRealm' of type [com.xq.crowd_funding.login.shiro.MyRealm] is not eligible for getting processed by all BeanPostProcessors (for example: not eligible for auto-proxying)
2019-11-14 09:19:20.115  INFO 10984 --- [restartedMain] trationDelegate$BeanPostProcessorChecker : Bean 'securityManager' of type [org.apache.shiro.web.mgt.DefaultWebSecurityManager] is not eligible for getting processed by all BeanPostProcessors (for example: not eligible for auto-proxying)
2019-11-14 09:19:20.187  INFO 10984 --- [restartedMain] trationDelegate$BeanPostProcessorChecker : Bean 'org.springframework.transaction.annotation.ProxyTransactionManagementConfiguration' of type [org.springframework.transaction.annotation.ProxyTransactionManagementConfiguration$$EnhancerBySpringCGLIB$$cdd1037f] is not eligible for getting processed by all BeanPostProcessors (for example: not eligible for auto-proxying)
2019-11-14 09:19:20.234  INFO 10984 --- [restartedMain] trationDelegate$BeanPostProcessorChecker : Bean 'authorizationAttributeSourceAdvisor' of type [org.apache.shiro.spring.security.interceptor.AuthorizationAttributeSourceAdvisor] is not eligible for getting processed by all BeanPostProcessors (for example: not eligible for auto-proxying)
2019-11-14 09:19:21.257  INFO 10984 --- [restartedMain] o.s.b.w.embedded.tomcat.TomcatWebServer  : Tomcat initialized with port(s): 8080 (http)
2019-11-14 09:19:21.308  INFO 10984 --- [restartedMain] o.apache.catalina.core.StandardService   : Starting service [Tomcat]
2019-11-14 09:19:21.309  INFO 10984 --- [restartedMain] org.apache.catalina.core.StandardEngine  : Starting Servlet engine: [Apache Tomcat/9.0.26]
2019-11-14 09:19:21.615  INFO 10984 --- [restartedMain] o.a.c.c.C.[Tomcat].[localhost].[/]       : Initializing Spring embedded WebApplicationContext
2019-11-14 09:19:21.616  INFO 10984 --- [restartedMain] o.s.web.context.ContextLoader            : Root WebApplicationContext: initialization completed in 6839 ms
2019-11-14 09:19:23.191  INFO 10984 --- [restartedMain] o.s.s.concurrent.ThreadPoolTaskExecutor  : Initializing ExecutorService 'applicationTaskExecutor'
2019-11-14 09:19:23.418  INFO 10984 --- [restartedMain] o.s.b.a.w.s.WelcomePageHandlerMapping    : Adding welcome page: ServletContext resource [/index.html]
2019-11-14 09:19:23.616 DEBUG 10984 --- [restartedMain] o.m.s.b.a.MybatisAutoConfiguration       : Not found configuration for registering mapper bean using @MapperScan, MapperFactoryBean and MapperScannerConfigurer.
2019-11-14 09:19:24.338  INFO 10984 --- [restartedMain] o.s.b.d.a.OptionalLiveReloadServer       : LiveReload server is running on port 35729
2019-11-14 09:19:24.544  INFO 10984 --- [restartedMain] o.s.b.w.embedded.tomcat.TomcatWebServer  : Tomcat started on port(s): 8080 (http) with context path ''
2019-11-14 09:19:24.554  INFO 10984 --- [restartedMain] com.xq.CrowdFundingApplication           : Started CrowdFundingApplication in 10.866 seconds (JVM running for 16.216)
2019-11-14 09:22:43.198  INFO 10984 --- [http-nio-8080-exec-1] o.a.c.c.C.[Tomcat].[localhost].[/]       : Initializing Spring DispatcherServlet 'dispatcherServlet'
2019-11-14 09:22:43.198  INFO 10984 --- [http-nio-8080-exec-1] o.s.web.servlet.DispatcherServlet        : Initializing Servlet 'dispatcherServlet'
2019-11-14 09:22:43.221  INFO 10984 --- [http-nio-8080-exec-1] o.s.web.servlet.DispatcherServlet        : Completed initialization in 22 ms
2019-11-14 09:22:51.997 DEBUG 10984 --- [http-nio-8080-exec-1] org.mybatis.spring.SqlSessionUtils       : Creating a new SqlSession
2019-11-14 09:22:52.007 DEBUG 10984 --- [http-nio-8080-exec-1] org.mybatis.spring.SqlSessionUtils       : SqlSession [org.apache.ibatis.session.defaults.DefaultSqlSession@6d5075dc] was not registered for synchronization because synchronization is not active
2019-11-14 09:22:52.975 DEBUG 10984 --- [http-nio-8080-exec-1] o.m.s.t.SpringManagedTransaction         : JDBC Connection [com.alibaba.druid.proxy.jdbc.ConnectionProxyImpl@5d2112d4] will not be managed by Spring
2019-11-14 09:22:52.983 DEBUG 10984 --- [http-nio-8080-exec-1] c.x.c.l.bean.dao.TMemberDaoo.SelectUser  : ==>  Preparing: select * from t_member where loginacct=? and usertype=? 
2019-11-14 09:22:53.058 DEBUG 10984 --- [http-nio-8080-exec-1] c.x.c.l.bean.dao.TMemberDaoo.SelectUser  : ==> Parameters: admin(String), 2(Integer)
2019-11-14 09:22:53.184 DEBUG 10984 --- [http-nio-8080-exec-1] c.x.c.l.bean.dao.TMemberDaoo.SelectUser  : <==      Total: 1
2019-11-14 09:22:53.187 DEBUG 10984 --- [http-nio-8080-exec-1] org.mybatis.spring.SqlSessionUtils       : Closing non transactional SqlSession [org.apache.ibatis.session.defaults.DefaultSqlSession@6d5075dc]
2019-11-14 09:22:57.507 DEBUG 10984 --- [http-nio-8080-exec-3] org.mybatis.spring.SqlSessionUtils       : Creating a new SqlSession
2019-11-14 09:22:57.508 DEBUG 10984 --- [http-nio-8080-exec-3] org.mybatis.spring.SqlSessionUtils       : SqlSession [org.apache.ibatis.session.defaults.DefaultSqlSession@7b2e8fd3] was not registered for synchronization because synchronization is not active
2019-11-14 09:22:57.509 DEBUG 10984 --- [http-nio-8080-exec-3] o.m.s.t.SpringManagedTransaction         : JDBC Connection [com.alibaba.druid.proxy.jdbc.ConnectionProxyImpl@5d2112d4] will not be managed by Spring
2019-11-14 09:22:57.510 DEBUG 10984 --- [http-nio-8080-exec-3] c.x.c.manager.dao.TRoleDao.select        : ==>  Preparing: SELECT id, name FROM t_role 
2019-11-14 09:22:57.511 DEBUG 10984 --- [http-nio-8080-exec-3] c.x.c.manager.dao.TRoleDao.select        : ==> Parameters: 
2019-11-14 09:22:57.545 DEBUG 10984 --- [http-nio-8080-exec-3] c.x.c.manager.dao.TRoleDao.select        : <==      Total: 9
2019-11-14 09:22:57.546 DEBUG 10984 --- [http-nio-8080-exec-3] org.mybatis.spring.SqlSessionUtils       : Closing non transactional SqlSession [org.apache.ibatis.session.defaults.DefaultSqlSession@7b2e8fd3]
2019-11-14 09:22:59.321 DEBUG 10984 --- [http-nio-8080-exec-5] org.mybatis.spring.SqlSessionUtils       : Creating a new SqlSession
2019-11-14 09:22:59.322 DEBUG 10984 --- [http-nio-8080-exec-5] org.mybatis.spring.SqlSessionUtils       : SqlSession [org.apache.ibatis.session.defaults.DefaultSqlSession@2c5f40c8] was not registered for synchronization because synchronization is not active
2019-11-14 09:22:59.323 DEBUG 10984 --- [http-nio-8080-exec-5] o.m.s.t.SpringManagedTransaction         : JDBC Connection [com.alibaba.druid.proxy.jdbc.ConnectionProxyImpl@5d2112d4] will not be managed by Spring
2019-11-14 09:22:59.323 DEBUG 10984 --- [http-nio-8080-exec-5] c.x.c.m.d.T.getRootPermission            : ==>  Preparing: select * from t_permission where pid is null 
2019-11-14 09:22:59.324 DEBUG 10984 --- [http-nio-8080-exec-5] c.x.c.m.d.T.getRootPermission            : ==> Parameters: 
2019-11-14 09:22:59.332 DEBUG 10984 --- [http-nio-8080-exec-5] c.x.c.m.d.T.getRootPermission            : <==      Total: 1
2019-11-14 09:22:59.334 DEBUG 10984 --- [http-nio-8080-exec-5] org.mybatis.spring.SqlSessionUtils       : Closing non transactional SqlSession [org.apache.ibatis.session.defaults.DefaultSqlSession@2c5f40c8]
2019-11-14 09:22:59.335 DEBUG 10984 --- [http-nio-8080-exec-5] org.mybatis.spring.SqlSessionUtils       : Creating a new SqlSession
2019-11-14 09:22:59.335 DEBUG 10984 --- [http-nio-8080-exec-5] org.mybatis.spring.SqlSessionUtils       : SqlSession [org.apache.ibatis.session.defaults.DefaultSqlSession@76b8d75f] was not registered for synchronization because synchronization is not active
2019-11-14 09:22:59.335 DEBUG 10984 --- [http-nio-8080-exec-5] o.m.s.t.SpringManagedTransaction         : JDBC Connection [com.alibaba.druid.proxy.jdbc.ConnectionProxyImpl@5d2112d4] will not be managed by Spring
2019-11-14 09:22:59.336 DEBUG 10984 --- [http-nio-8080-exec-5] c.x.c.m.d.T.getChildrenPermissionByPid   : ==>  Preparing: select * from t_permission where pid=? 
2019-11-14 09:22:59.337 DEBUG 10984 --- [http-nio-8080-exec-5] c.x.c.m.d.T.getChildrenPermissionByPid   : ==> Parameters: 1(Integer)
2019-11-14 09:22:59.349 DEBUG 10984 --- [http-nio-8080-exec-5] c.x.c.m.d.T.getChildrenPermissionByPid   : <==      Total: 7
2019-11-14 09:22:59.350 DEBUG 10984 --- [http-nio-8080-exec-5] org.mybatis.spring.SqlSessionUtils       : Closing non transactional SqlSession [org.apache.ibatis.session.defaults.DefaultSqlSession@76b8d75f]
2019-11-14 09:22:59.351 DEBUG 10984 --- [http-nio-8080-exec-5] org.mybatis.spring.SqlSessionUtils       : Creating a new SqlSession
2019-11-14 09:22:59.351 DEBUG 10984 --- [http-nio-8080-exec-5] org.mybatis.spring.SqlSessionUtils       : SqlSession [org.apache.ibatis.session.defaults.DefaultSqlSession@11934c83] was not registered for synchronization because synchronization is not active
2019-11-14 09:22:59.352 DEBUG 10984 --- [http-nio-8080-exec-5] o.m.s.t.SpringManagedTransaction         : JDBC Connection [com.alibaba.druid.proxy.jdbc.ConnectionProxyImpl@5d2112d4] will not be managed by Spring
2019-11-14 09:22:59.352 DEBUG 10984 --- [http-nio-8080-exec-5] c.x.c.m.d.T.getChildrenPermissionByPid   : ==>  Preparing: select * from t_permission where pid=? 
2019-11-14 09:22:59.353 DEBUG 10984 --- [http-nio-8080-exec-5] c.x.c.m.d.T.getChildrenPermissionByPid   : ==> Parameters: 2(Integer)
2019-11-14 09:22:59.356 DEBUG 10984 --- [http-nio-8080-exec-5] c.x.c.m.d.T.getChildrenPermissionByPid   : <==      Total: 0
2019-11-14 09:22:59.358 DEBUG 10984 --- [http-nio-8080-exec-5] org.mybatis.spring.SqlSessionUtils       : Closing non transactional SqlSession [org.apache.ibatis.session.defaults.DefaultSqlSession@11934c83]
2019-11-14 09:22:59.359 DEBUG 10984 --- [http-nio-8080-exec-5] org.mybatis.spring.SqlSessionUtils       : Creating a new SqlSession
2019-11-14 09:22:59.359 DEBUG 10984 --- [http-nio-8080-exec-5] org.mybatis.spring.SqlSessionUtils       : SqlSession [org.apache.ibatis.session.defaults.DefaultSqlSession@d3c59a3] was not registered for synchronization because synchronization is not active
2019-11-14 09:22:59.360 DEBUG 10984 --- [http-nio-8080-exec-5] o.m.s.t.SpringManagedTransaction         : JDBC Connection [com.alibaba.druid.proxy.jdbc.ConnectionProxyImpl@5d2112d4] will not be managed by Spring
2019-11-14 09:22:59.360 DEBUG 10984 --- [http-nio-8080-exec-5] c.x.c.m.d.T.getChildrenPermissionByPid   : ==>  Preparing: select * from t_permission where pid=? 
2019-11-14 09:22:59.361 DEBUG 10984 --- [http-nio-8080-exec-5] c.x.c.m.d.T.getChildrenPermissionByPid   : ==> Parameters: 3(Integer)
2019-11-14 09:22:59.366 DEBUG 10984 --- [http-nio-8080-exec-5] c.x.c.m.d.T.getChildrenPermissionByPid   : <==      Total: 3
2019-11-14 09:22:59.367 DEBUG 10984 --- [http-nio-8080-exec-5] org.mybatis.spring.SqlSessionUtils       : Closing non transactional SqlSession [org.apache.ibatis.session.defaults.DefaultSqlSession@d3c59a3]
2019-11-14 09:22:59.368 DEBUG 10984 --- [http-nio-8080-exec-5] org.mybatis.spring.SqlSessionUtils       : Creating a new SqlSession
2019-11-14 09:22:59.368 DEBUG 10984 --- [http-nio-8080-exec-5] org.mybatis.spring.SqlSessionUtils       : SqlSession [org.apache.ibatis.session.defaults.DefaultSqlSession@3ff844dd] was not registered for synchronization because synchronization is not active
2019-11-14 09:22:59.368 DEBUG 10984 --- [http-nio-8080-exec-5] o.m.s.t.SpringManagedTransaction         : JDBC Connection [com.alibaba.druid.proxy.jdbc.ConnectionProxyImpl@5d2112d4] will not be managed by Spring
2019-11-14 09:22:59.369 DEBUG 10984 --- [http-nio-8080-exec-5] c.x.c.m.d.T.getChildrenPermissionByPid   : ==>  Preparing: select * from t_permission where pid=? 
2019-11-14 09:22:59.370 DEBUG 10984 --- [http-nio-8080-exec-5] c.x.c.m.d.T.getChildrenPermissionByPid   : ==> Parameters: 7(Integer)
2019-11-14 09:22:59.374 DEBUG 10984 --- [http-nio-8080-exec-5] c.x.c.m.d.T.getChildrenPermissionByPid   : <==      Total: 3
2019-11-14 09:22:59.375 DEBUG 10984 --- [http-nio-8080-exec-5] org.mybatis.spring.SqlSessionUtils       : Closing non transactional SqlSession [org.apache.ibatis.session.defaults.DefaultSqlSession@3ff844dd]
2019-11-14 09:22:59.376 DEBUG 10984 --- [http-nio-8080-exec-5] org.mybatis.spring.SqlSessionUtils       : Creating a new SqlSession
2019-11-14 09:22:59.376 DEBUG 10984 --- [http-nio-8080-exec-5] org.mybatis.spring.SqlSessionUtils       : SqlSession [org.apache.ibatis.session.defaults.DefaultSqlSession@6e5d800f] was not registered for synchronization because synchronization is not active
2019-11-14 09:22:59.377 DEBUG 10984 --- [http-nio-8080-exec-5] o.m.s.t.SpringManagedTransaction         : JDBC Connection [com.alibaba.druid.proxy.jdbc.ConnectionProxyImpl@5d2112d4] will not be managed by Spring
2019-11-14 09:22:59.377 DEBUG 10984 --- [http-nio-8080-exec-5] c.x.c.m.d.T.getChildrenPermissionByPid   : ==>  Preparing: select * from t_permission where pid=? 
2019-11-14 09:22:59.379 DEBUG 10984 --- [http-nio-8080-exec-5] c.x.c.m.d.T.getChildrenPermissionByPid   : ==> Parameters: 11(Integer)
2019-11-14 09:22:59.386 DEBUG 10984 --- [http-nio-8080-exec-5] c.x.c.m.d.T.getChildrenPermissionByPid   : <==      Total: 7
2019-11-14 09:22:59.389 DEBUG 10984 --- [http-nio-8080-exec-5] org.mybatis.spring.SqlSessionUtils       : Closing non transactional SqlSession [org.apache.ibatis.session.defaults.DefaultSqlSession@6e5d800f]
2019-11-14 09:22:59.390 DEBUG 10984 --- [http-nio-8080-exec-5] org.mybatis.spring.SqlSessionUtils       : Creating a new SqlSession
2019-11-14 09:22:59.390 DEBUG 10984 --- [http-nio-8080-exec-5] org.mybatis.spring.SqlSessionUtils       : SqlSession [org.apache.ibatis.session.defaults.DefaultSqlSession@3db16a0] was not registered for synchronization because synchronization is not active
2019-11-14 09:22:59.390 DEBUG 10984 --- [http-nio-8080-exec-5] o.m.s.t.SpringManagedTransaction         : JDBC Connection [com.alibaba.druid.proxy.jdbc.ConnectionProxyImpl@5d2112d4] will not be managed by Spring
2019-11-14 09:22:59.390 DEBUG 10984 --- [http-nio-8080-exec-5] c.x.c.m.d.T.getChildrenPermissionByPid   : ==>  Preparing: select * from t_permission where pid=? 
2019-11-14 09:22:59.391 DEBUG 10984 --- [http-nio-8080-exec-5] c.x.c.m.d.T.getChildrenPermissionByPid   : ==> Parameters: 19(Integer)
2019-11-14 09:22:59.424 DEBUG 10984 --- [http-nio-8080-exec-5] c.x.c.m.d.T.getChildrenPermissionByPid   : <==      Total: 0
2019-11-14 09:22:59.425 DEBUG 10984 --- [http-nio-8080-exec-5] org.mybatis.spring.SqlSessionUtils       : Closing non transactional SqlSession [org.apache.ibatis.session.defaults.DefaultSqlSession@3db16a0]
2019-11-14 09:22:59.426 DEBUG 10984 --- [http-nio-8080-exec-5] org.mybatis.spring.SqlSessionUtils       : Creating a new SqlSession
2019-11-14 09:22:59.426 DEBUG 10984 --- [http-nio-8080-exec-5] org.mybatis.spring.SqlSessionUtils       : SqlSession [org.apache.ibatis.session.defaults.DefaultSqlSession@3b190788] was not registered for synchronization because synchronization is not active
2019-11-14 09:22:59.426 DEBUG 10984 --- [http-nio-8080-exec-5] o.m.s.t.SpringManagedTransaction         : JDBC Connection [com.alibaba.druid.proxy.jdbc.ConnectionProxyImpl@5d2112d4] will not be managed by Spring
2019-11-14 09:22:59.426 DEBUG 10984 --- [http-nio-8080-exec-5] c.x.c.m.d.T.getChildrenPermissionByPid   : ==>  Preparing: select * from t_permission where pid=? 
2019-11-14 09:22:59.427 DEBUG 10984 --- [http-nio-8080-exec-5] c.x.c.m.d.T.getChildrenPermissionByPid   : ==> Parameters: 21(Integer)
2019-11-14 09:22:59.429 DEBUG 10984 --- [http-nio-8080-exec-5] c.x.c.m.d.T.getChildrenPermissionByPid   : <==      Total: 0
2019-11-14 09:22:59.429 DEBUG 10984 --- [http-nio-8080-exec-5] org.mybatis.spring.SqlSessionUtils       : Closing non transactional SqlSession [org.apache.ibatis.session.defaults.DefaultSqlSession@3b190788]
2019-11-14 09:22:59.430 DEBUG 10984 --- [http-nio-8080-exec-5] org.mybatis.spring.SqlSessionUtils       : Creating a new SqlSession
2019-11-14 09:22:59.430 DEBUG 10984 --- [http-nio-8080-exec-5] org.mybatis.spring.SqlSessionUtils       : SqlSession [org.apache.ibatis.session.defaults.DefaultSqlSession@3fa529f8] was not registered for synchronization because synchronization is not active
2019-11-14 09:22:59.430 DEBUG 10984 --- [http-nio-8080-exec-5] o.m.s.t.SpringManagedTransaction         : JDBC Connection [com.alibaba.druid.proxy.jdbc.ConnectionProxyImpl@5d2112d4] will not be managed by Spring
2019-11-14 09:22:59.430 DEBUG 10984 --- [http-nio-8080-exec-5] c.x.c.m.d.T.getChildrenPermissionByPid   : ==>  Preparing: select * from t_permission where pid=? 
2019-11-14 09:22:59.431 DEBUG 10984 --- [http-nio-8080-exec-5] c.x.c.m.d.T.getChildrenPermissionByPid   : ==> Parameters: 22(Integer)
2019-11-14 09:22:59.433 DEBUG 10984 --- [http-nio-8080-exec-5] c.x.c.m.d.T.getChildrenPermissionByPid   : <==      Total: 0
2019-11-14 09:22:59.433 DEBUG 10984 --- [http-nio-8080-exec-5] org.mybatis.spring.SqlSessionUtils       : Closing non transactional SqlSession [org.apache.ibatis.session.defaults.DefaultSqlSession@3fa529f8]
2019-11-14 09:23:00.781 DEBUG 10984 --- [http-nio-8080-exec-5] org.mybatis.spring.SqlSessionUtils       : Creating a new SqlSession
2019-11-14 09:23:00.782 DEBUG 10984 --- [http-nio-8080-exec-5] org.mybatis.spring.SqlSessionUtils       : SqlSession [org.apache.ibatis.session.defaults.DefaultSqlSession@44edf164] was not registered for synchronization because synchronization is not active
2019-11-14 09:23:00.782 DEBUG 10984 --- [http-nio-8080-exec-5] o.m.s.t.SpringManagedTransaction         : JDBC Connection [com.alibaba.druid.proxy.jdbc.ConnectionProxyImpl@5d2112d4] will not be managed by Spring
2019-11-14 09:23:00.783 DEBUG 10984 --- [http-nio-8080-exec-5] c.x.c.manager.dao.TRoleDao.select        : ==>  Preparing: SELECT id, name FROM t_role 
2019-11-14 09:23:00.784 DEBUG 10984 --- [http-nio-8080-exec-5] c.x.c.manager.dao.TRoleDao.select        : ==> Parameters: 
2019-11-14 09:23:00.794 DEBUG 10984 --- [http-nio-8080-exec-5] c.x.c.manager.dao.TRoleDao.select        : <==      Total: 9
2019-11-14 09:23:00.795 DEBUG 10984 --- [http-nio-8080-exec-5] org.mybatis.spring.SqlSessionUtils       : Closing non transactional SqlSession [org.apache.ibatis.session.defaults.DefaultSqlSession@44edf164]
2019-11-14 09:23:04.080 DEBUG 10984 --- [http-nio-8080-exec-3] org.mybatis.spring.SqlSessionUtils       : Creating a new SqlSession
2019-11-14 09:23:04.080 DEBUG 10984 --- [http-nio-8080-exec-3] org.mybatis.spring.SqlSessionUtils       : SqlSession [org.apache.ibatis.session.defaults.DefaultSqlSession@27debf6a] was not registered for synchronization because synchronization is not active
2019-11-14 09:23:04.081 DEBUG 10984 --- [http-nio-8080-exec-3] o.m.s.t.SpringManagedTransaction         : JDBC Connection [com.alibaba.druid.proxy.jdbc.ConnectionProxyImpl@5d2112d4] will not be managed by Spring
2019-11-14 09:23:04.082 DEBUG 10984 --- [http-nio-8080-exec-3] c.x.c.m.d.T.getRootPermission            : ==>  Preparing: select * from t_permission where pid is null 
2019-11-14 09:23:04.082 DEBUG 10984 --- [http-nio-8080-exec-3] c.x.c.m.d.T.getRootPermission            : ==> Parameters: 
2019-11-14 09:23:04.086 DEBUG 10984 --- [http-nio-8080-exec-3] c.x.c.m.d.T.getRootPermission            : <==      Total: 1
2019-11-14 09:23:04.089 DEBUG 10984 --- [http-nio-8080-exec-3] org.mybatis.spring.SqlSessionUtils       : Closing non transactional SqlSession [org.apache.ibatis.session.defaults.DefaultSqlSession@27debf6a]
2019-11-14 09:23:04.090 DEBUG 10984 --- [http-nio-8080-exec-3] org.mybatis.spring.SqlSessionUtils       : Creating a new SqlSession
2019-11-14 09:23:04.090 DEBUG 10984 --- [http-nio-8080-exec-3] org.mybatis.spring.SqlSessionUtils       : SqlSession [org.apache.ibatis.session.defaults.DefaultSqlSession@78b94bed] was not registered for synchronization because synchronization is not active
2019-11-14 09:23:04.090 DEBUG 10984 --- [http-nio-8080-exec-3] o.m.s.t.SpringManagedTransaction         : JDBC Connection [com.alibaba.druid.proxy.jdbc.ConnectionProxyImpl@5d2112d4] will not be managed by Spring
2019-11-14 09:23:04.091 DEBUG 10984 --- [http-nio-8080-exec-3] c.x.c.m.d.T.getChildrenPermissionByPid   : ==>  Preparing: select * from t_permission where pid=? 
2019-11-14 09:23:04.092 DEBUG 10984 --- [http-nio-8080-exec-3] c.x.c.m.d.T.getChildrenPermissionByPid   : ==> Parameters: 1(Integer)
2019-11-14 09:23:04.099 DEBUG 10984 --- [http-nio-8080-exec-3] c.x.c.m.d.T.getChildrenPermissionByPid   : <==      Total: 7
2019-11-14 09:23:04.100 DEBUG 10984 --- [http-nio-8080-exec-3] org.mybatis.spring.SqlSessionUtils       : Closing non transactional SqlSession [org.apache.ibatis.session.defaults.DefaultSqlSession@78b94bed]
2019-11-14 09:23:04.101 DEBUG 10984 --- [http-nio-8080-exec-3] org.mybatis.spring.SqlSessionUtils       : Creating a new SqlSession
2019-11-14 09:23:04.101 DEBUG 10984 --- [http-nio-8080-exec-3] org.mybatis.spring.SqlSessionUtils       : SqlSession [org.apache.ibatis.session.defaults.DefaultSqlSession@49717fbd] was not registered for synchronization because synchronization is not active
2019-11-14 09:23:04.102 DEBUG 10984 --- [http-nio-8080-exec-3] o.m.s.t.SpringManagedTransaction         : JDBC Connection [com.alibaba.druid.proxy.jdbc.ConnectionProxyImpl@5d2112d4] will not be managed by Spring
2019-11-14 09:23:04.103 DEBUG 10984 --- [http-nio-8080-exec-3] c.x.c.m.d.T.queryPermissionByRoleId      : ==>  Preparing: SELECT permissionid FROM t_role_permission where roleid=? 
2019-11-14 09:23:04.107 DEBUG 10984 --- [http-nio-8080-exec-3] c.x.c.m.d.T.queryPermissionByRoleId      : ==> Parameters: null
2019-11-14 09:23:04.159 DEBUG 10984 --- [http-nio-8080-exec-3] c.x.c.m.d.T.queryPermissionByRoleId      : <==      Total: 0
2019-11-14 09:23:04.160 DEBUG 10984 --- [http-nio-8080-exec-3] org.mybatis.spring.SqlSessionUtils       : Closing non transactional SqlSession [org.apache.ibatis.session.defaults.DefaultSqlSession@49717fbd]
2019-11-14 09:23:04.161 DEBUG 10984 --- [http-nio-8080-exec-3] org.mybatis.spring.SqlSessionUtils       : Creating a new SqlSession
2019-11-14 09:23:04.162 DEBUG 10984 --- [http-nio-8080-exec-3] org.mybatis.spring.SqlSessionUtils       : SqlSession [org.apache.ibatis.session.defaults.DefaultSqlSession@29de59b9] was not registered for synchronization because synchronization is not active
2019-11-14 09:23:04.162 DEBUG 10984 --- [http-nio-8080-exec-3] o.m.s.t.SpringManagedTransaction         : JDBC Connection [com.alibaba.druid.proxy.jdbc.ConnectionProxyImpl@5d2112d4] will not be managed by Spring
2019-11-14 09:23:04.164 DEBUG 10984 --- [http-nio-8080-exec-3] c.x.c.m.d.T.getChildrenPermissionByPid   : ==>  Preparing: select * from t_permission where pid=? 
2019-11-14 09:23:04.166 DEBUG 10984 --- [http-nio-8080-exec-3] c.x.c.m.d.T.getChildrenPermissionByPid   : ==> Parameters: 2(Integer)
2019-11-14 09:23:04.172 DEBUG 10984 --- [http-nio-8080-exec-3] c.x.c.m.d.T.getChildrenPermissionByPid   : <==      Total: 0
2019-11-14 09:23:04.175 DEBUG 10984 --- [http-nio-8080-exec-3] org.mybatis.spring.SqlSessionUtils       : Closing non transactional SqlSession [org.apache.ibatis.session.defaults.DefaultSqlSession@29de59b9]
2019-11-14 09:23:04.176 DEBUG 10984 --- [http-nio-8080-exec-3] org.mybatis.spring.SqlSessionUtils       : Creating a new SqlSession
2019-11-14 09:23:04.176 DEBUG 10984 --- [http-nio-8080-exec-3] org.mybatis.spring.SqlSessionUtils       : SqlSession [org.apache.ibatis.session.defaults.DefaultSqlSession@33ac3643] was not registered for synchronization because synchronization is not active
2019-11-14 09:23:04.176 DEBUG 10984 --- [http-nio-8080-exec-3] o.m.s.t.SpringManagedTransaction         : JDBC Connection [com.alibaba.druid.proxy.jdbc.ConnectionProxyImpl@5d2112d4] will not be managed by Spring
2019-11-14 09:23:04.176 DEBUG 10984 --- [http-nio-8080-exec-3] c.x.c.m.d.T.getChildrenPermissionByPid   : ==>  Preparing: select * from t_permission where pid=? 
2019-11-14 09:23:04.177 DEBUG 10984 --- [http-nio-8080-exec-3] c.x.c.m.d.T.getChildrenPermissionByPid   : ==> Parameters: 3(Integer)
2019-11-14 09:23:04.180 DEBUG 10984 --- [http-nio-8080-exec-3] c.x.c.m.d.T.getChildrenPermissionByPid   : <==      Total: 3
2019-11-14 09:23:04.181 DEBUG 10984 --- [http-nio-8080-exec-3] org.mybatis.spring.SqlSessionUtils       : Closing non transactional SqlSession [org.apache.ibatis.session.defaults.DefaultSqlSession@33ac3643]
2019-11-14 09:23:04.181 DEBUG 10984 --- [http-nio-8080-exec-3] org.mybatis.spring.SqlSessionUtils       : Creating a new SqlSession
2019-11-14 09:23:04.181 DEBUG 10984 --- [http-nio-8080-exec-3] org.mybatis.spring.SqlSessionUtils       : SqlSession [org.apache.ibatis.session.defaults.DefaultSqlSession@1f2d5deb] was not registered for synchronization because synchronization is not active
2019-11-14 09:23:04.181 DEBUG 10984 --- [http-nio-8080-exec-3] o.m.s.t.SpringManagedTransaction         : JDBC Connection [com.alibaba.druid.proxy.jdbc.ConnectionProxyImpl@5d2112d4] will not be managed by Spring
2019-11-14 09:23:04.181 DEBUG 10984 --- [http-nio-8080-exec-3] c.x.c.m.d.T.getChildrenPermissionByPid   : ==>  Preparing: select * from t_permission where pid=? 
2019-11-14 09:23:04.182 DEBUG 10984 --- [http-nio-8080-exec-3] c.x.c.m.d.T.getChildrenPermissionByPid   : ==> Parameters: 7(Integer)
2019-11-14 09:23:04.185 DEBUG 10984 --- [http-nio-8080-exec-3] c.x.c.m.d.T.getChildrenPermissionByPid   : <==      Total: 3
2019-11-14 09:23:04.185 DEBUG 10984 --- [http-nio-8080-exec-3] org.mybatis.spring.SqlSessionUtils       : Closing non transactional SqlSession [org.apache.ibatis.session.defaults.DefaultSqlSession@1f2d5deb]
2019-11-14 09:23:04.186 DEBUG 10984 --- [http-nio-8080-exec-3] org.mybatis.spring.SqlSessionUtils       : Creating a new SqlSession
2019-11-14 09:23:04.186 DEBUG 10984 --- [http-nio-8080-exec-3] org.mybatis.spring.SqlSessionUtils       : SqlSession [org.apache.ibatis.session.defaults.DefaultSqlSession@708aaecb] was not registered for synchronization because synchronization is not active
2019-11-14 09:23:04.187 DEBUG 10984 --- [http-nio-8080-exec-3] o.m.s.t.SpringManagedTransaction         : JDBC Connection [com.alibaba.druid.proxy.jdbc.ConnectionProxyImpl@5d2112d4] will not be managed by Spring
2019-11-14 09:23:04.187 DEBUG 10984 --- [http-nio-8080-exec-3] c.x.c.m.d.T.getChildrenPermissionByPid   : ==>  Preparing: select * from t_permission where pid=? 
2019-11-14 09:23:04.188 DEBUG 10984 --- [http-nio-8080-exec-3] c.x.c.m.d.T.getChildrenPermissionByPid   : ==> Parameters: 11(Integer)
2019-11-14 09:23:04.194 DEBUG 10984 --- [http-nio-8080-exec-3] c.x.c.m.d.T.getChildrenPermissionByPid   : <==      Total: 7
2019-11-14 09:23:04.195 DEBUG 10984 --- [http-nio-8080-exec-3] org.mybatis.spring.SqlSessionUtils       : Closing non transactional SqlSession [org.apache.ibatis.session.defaults.DefaultSqlSession@708aaecb]
2019-11-14 09:23:04.195 DEBUG 10984 --- [http-nio-8080-exec-3] org.mybatis.spring.SqlSessionUtils       : Creating a new SqlSession
2019-11-14 09:23:04.195 DEBUG 10984 --- [http-nio-8080-exec-3] org.mybatis.spring.SqlSessionUtils       : SqlSession [org.apache.ibatis.session.defaults.DefaultSqlSession@4dac0f66] was not registered for synchronization because synchronization is not active
2019-11-14 09:23:04.196 DEBUG 10984 --- [http-nio-8080-exec-3] o.m.s.t.SpringManagedTransaction         : JDBC Connection [com.alibaba.druid.proxy.jdbc.ConnectionProxyImpl@5d2112d4] will not be managed by Spring
2019-11-14 09:23:04.196 DEBUG 10984 --- [http-nio-8080-exec-3] c.x.c.m.d.T.getChildrenPermissionByPid   : ==>  Preparing: select * from t_permission where pid=? 
2019-11-14 09:23:04.196 DEBUG 10984 --- [http-nio-8080-exec-3] c.x.c.m.d.T.getChildrenPermissionByPid   : ==> Parameters: 19(Integer)
2019-11-14 09:23:04.198 DEBUG 10984 --- [http-nio-8080-exec-3] c.x.c.m.d.T.getChildrenPermissionByPid   : <==      Total: 0
2019-11-14 09:23:04.199 DEBUG 10984 --- [http-nio-8080-exec-3] org.mybatis.spring.SqlSessionUtils       : Closing non transactional SqlSession [org.apache.ibatis.session.defaults.DefaultSqlSession@4dac0f66]
2019-11-14 09:23:04.200 DEBUG 10984 --- [http-nio-8080-exec-3] org.mybatis.spring.SqlSessionUtils       : Creating a new SqlSession
2019-11-14 09:23:04.200 DEBUG 10984 --- [http-nio-8080-exec-3] org.mybatis.spring.SqlSessionUtils       : SqlSession [org.apache.ibatis.session.defaults.DefaultSqlSession@27cf1937] was not registered for synchronization because synchronization is not active
2019-11-14 09:23:04.200 DEBUG 10984 --- [http-nio-8080-exec-3] o.m.s.t.SpringManagedTransaction         : JDBC Connection [com.alibaba.druid.proxy.jdbc.ConnectionProxyImpl@5d2112d4] will not be managed by Spring
2019-11-14 09:23:04.200 DEBUG 10984 --- [http-nio-8080-exec-3] c.x.c.m.d.T.getChildrenPermissionByPid   : ==>  Preparing: select * from t_permission where pid=? 
2019-11-14 09:23:04.202 DEBUG 10984 --- [http-nio-8080-exec-3] c.x.c.m.d.T.getChildrenPermissionByPid   : ==> Parameters: 21(Integer)
2019-11-14 09:23:04.205 DEBUG 10984 --- [http-nio-8080-exec-3] c.x.c.m.d.T.getChildrenPermissionByPid   : <==      Total: 0
2019-11-14 09:23:04.206 DEBUG 10984 --- [http-nio-8080-exec-3] org.mybatis.spring.SqlSessionUtils       : Closing non transactional SqlSession [org.apache.ibatis.session.defaults.DefaultSqlSession@27cf1937]
2019-11-14 09:23:04.207 DEBUG 10984 --- [http-nio-8080-exec-3] org.mybatis.spring.SqlSessionUtils       : Creating a new SqlSession
2019-11-14 09:23:04.207 DEBUG 10984 --- [http-nio-8080-exec-3] org.mybatis.spring.SqlSessionUtils       : SqlSession [org.apache.ibatis.session.defaults.DefaultSqlSession@4e300afa] was not registered for synchronization because synchronization is not active
2019-11-14 09:23:04.207 DEBUG 10984 --- [http-nio-8080-exec-3] o.m.s.t.SpringManagedTransaction         : JDBC Connection [com.alibaba.druid.proxy.jdbc.ConnectionProxyImpl@5d2112d4] will not be managed by Spring
2019-11-14 09:23:04.208 DEBUG 10984 --- [http-nio-8080-exec-3] c.x.c.m.d.T.getChildrenPermissionByPid   : ==>  Preparing: select * from t_permission where pid=? 
2019-11-14 09:23:04.209 DEBUG 10984 --- [http-nio-8080-exec-3] c.x.c.m.d.T.getChildrenPermissionByPid   : ==> Parameters: 22(Integer)
2019-11-14 09:23:04.211 DEBUG 10984 --- [http-nio-8080-exec-3] c.x.c.m.d.T.getChildrenPermissionByPid   : <==      Total: 0
2019-11-14 09:23:04.212 DEBUG 10984 --- [http-nio-8080-exec-3] org.mybatis.spring.SqlSessionUtils       : Closing non transactional SqlSession [org.apache.ibatis.session.defaults.DefaultSqlSession@4e300afa]
